Determining if the pthread_create exist failed with the following output:
Change Dir: /home/byrdie/zach/CSCI_442_penalty_kick/sayhelloworld/build-naoqi_sdk/CMakeFiles/CMakeTmp

Run Build Command:/usr/bin/make "cmTryCompileExec2747226892/fast"
/usr/bin/make -f CMakeFiles/cmTryCompileExec2747226892.dir/build.make CMakeFiles/cmTryCompileExec2747226892.dir/build
make[1]: Entering directory `/home/byrdie/zach/CSCI_442_penalty_kick/sayhelloworld/build-naoqi_sdk/CMakeFiles/CMakeTmp'
/usr/bin/cmake -E cmake_progress_report /home/byrdie/zach/CSCI_442_penalty_kick/sayhelloworld/build-naoqi_sdk/CMakeFiles/CMakeTmp/CMakeFiles 1
Building C object CMakeFiles/cmTryCompileExec2747226892.dir/CheckSymbolExists.c.o
/usr/bin/cc    -o CMakeFiles/cmTryCompileExec2747226892.dir/CheckSymbolExists.c.o   -c /home/byrdie/zach/CSCI_442_penalty_kick/sayhelloworld/build-naoqi_sdk/CMakeFiles/CMakeTmp/CheckSymbolExists.c
Linking C executable cmTryCompileExec2747226892
/usr/bin/cmake -E cmake_link_script CMakeFiles/cmTryCompileExec2747226892.dir/link.txt --verbose=1
/usr/bin/cc       CMakeFiles/cmTryCompileExec2747226892.dir/CheckSymbolExists.c.o  -o cmTryCompileExec2747226892 -rdynamic 
CMakeFiles/cmTryCompileExec2747226892.dir/CheckSymbolExists.c.o: In function `main':
CheckSymbolExists.c:(.text+0x16): undefined reference to `pthread_create'
collect2: error: ld returned 1 exit status
make[1]: *** [cmTryCompileExec2747226892] Error 1
make[1]: Leaving directory `/home/byrdie/zach/CSCI_442_penalty_kick/sayhelloworld/build-naoqi_sdk/CMakeFiles/CMakeTmp'
make: *** [cmTryCompileExec2747226892/fast] Error 2

File /home/byrdie/zach/CSCI_442_penalty_kick/sayhelloworld/build-naoqi_sdk/CMakeFiles/CMakeTmp/CheckSymbolExists.c:
/* */
#include <pthread.h>

int main(int argc, char** argv)
{
  (void)argv;
#ifndef pthread_create
  return ((int*)(&pthread_create))[argc];
#else
  (void)argc;
  return 0;
#endif
}

Determining if the function pthread_create exists in the pthreads failed with the following output:
Change Dir: /home/byrdie/zach/CSCI_442_penalty_kick/sayhelloworld/build-naoqi_sdk/CMakeFiles/CMakeTmp

Run Build Command:/usr/bin/make "cmTryCompileExec3756214493/fast"
/usr/bin/make -f CMakeFiles/cmTryCompileExec3756214493.dir/build.make CMakeFiles/cmTryCompileExec3756214493.dir/build
make[1]: Entering directory `/home/byrdie/zach/CSCI_442_penalty_kick/sayhelloworld/build-naoqi_sdk/CMakeFiles/CMakeTmp'
/usr/bin/cmake -E cmake_progress_report /home/byrdie/zach/CSCI_442_penalty_kick/sayhelloworld/build-naoqi_sdk/CMakeFiles/CMakeTmp/CMakeFiles 1
Building C object CMakeFiles/cmTryCompileExec3756214493.dir/CheckFunctionExists.c.o
/usr/bin/cc   -DCHECK_FUNCTION_EXISTS=pthread_create   -o CMakeFiles/cmTryCompileExec3756214493.dir/CheckFunctionExists.c.o   -c /usr/share/cmake-2.8/Modules/CheckFunctionExists.c
Linking C executable cmTryCompileExec3756214493
/usr/bin/cmake -E cmake_link_script CMakeFiles/cmTryCompileExec3756214493.dir/link.txt --verbose=1
/usr/bin/cc   -DCHECK_FUNCTION_EXISTS=pthread_create    CMakeFiles/cmTryCompileExec3756214493.dir/CheckFunctionExists.c.o  -o cmTryCompileExec3756214493 -rdynamic -lpthreads 
/usr/bin/ld: cannot find -lpthreads
collect2: error: ld returned 1 exit status
make[1]: *** [cmTryCompileExec3756214493] Error 1
make[1]: Leaving directory `/home/byrdie/zach/CSCI_442_penalty_kick/sayhelloworld/build-naoqi_sdk/CMakeFiles/CMakeTmp'
make: *** [cmTryCompileExec3756214493/fast] Error 2


Determining if the pthread_create exist failed with the following output:
Change Dir: /home/byrdie/zach/CSCI_442_penalty_kick/sayhelloworld/build-naoqi_sdk/CMakeFiles/CMakeTmp

Run Build Command:/usr/bin/make "cmTryCompileExec2771557563/fast"
/usr/bin/make -f CMakeFiles/cmTryCompileExec2771557563.dir/build.make CMakeFiles/cmTryCompileExec2771557563.dir/build
make[1]: Entering directory `/home/byrdie/zach/CSCI_442_penalty_kick/sayhelloworld/build-naoqi_sdk/CMakeFiles/CMakeTmp'
/usr/bin/cmake -E cmake_progress_report /home/byrdie/zach/CSCI_442_penalty_kick/sayhelloworld/build-naoqi_sdk/CMakeFiles/CMakeTmp/CMakeFiles 1
Building C object CMakeFiles/cmTryCompileExec2771557563.dir/CheckSymbolExists.c.o
/usr/bin/cc    -o CMakeFiles/cmTryCompileExec2771557563.dir/CheckSymbolExists.c.o   -c /home/byrdie/zach/CSCI_442_penalty_kick/sayhelloworld/build-naoqi_sdk/CMakeFiles/CMakeTmp/CheckSymbolExists.c
Linking C executable cmTryCompileExec2771557563
/usr/bin/cmake -E cmake_link_script CMakeFiles/cmTryCompileExec2771557563.dir/link.txt --verbose=1
/usr/bin/cc       CMakeFiles/cmTryCompileExec2771557563.dir/CheckSymbolExists.c.o  -o cmTryCompileExec2771557563 -rdynamic 
CMakeFiles/cmTryCompileExec2771557563.dir/CheckSymbolExists.c.o: In function `main':
CheckSymbolExists.c:(.text+0x16): undefined reference to `pthread_create'
collect2: error: ld returned 1 exit status
make[1]: *** [cmTryCompileExec2771557563] Error 1
make[1]: Leaving directory `/home/byrdie/zach/CSCI_442_penalty_kick/sayhelloworld/build-naoqi_sdk/CMakeFiles/CMakeTmp'
make: *** [cmTryCompileExec2771557563/fast] Error 2

File /home/byrdie/zach/CSCI_442_penalty_kick/sayhelloworld/build-naoqi_sdk/CMakeFiles/CMakeTmp/CheckSymbolExists.c:
/* */
#include <pthread.h>

int main(int argc, char** argv)
{
  (void)argv;
#ifndef pthread_create
  return ((int*)(&pthread_create))[argc];
#else
  (void)argc;
  return 0;
#endif
}

Determining if the function pthread_create exists in the pthreads failed with the following output:
Change Dir: /home/byrdie/zach/CSCI_442_penalty_kick/sayhelloworld/build-naoqi_sdk/CMakeFiles/CMakeTmp

Run Build Command:/usr/bin/make "cmTryCompileExec2670317143/fast"
/usr/bin/make -f CMakeFiles/cmTryCompileExec2670317143.dir/build.make CMakeFiles/cmTryCompileExec2670317143.dir/build
make[1]: Entering directory `/home/byrdie/zach/CSCI_442_penalty_kick/sayhelloworld/build-naoqi_sdk/CMakeFiles/CMakeTmp'
/usr/bin/cmake -E cmake_progress_report /home/byrdie/zach/CSCI_442_penalty_kick/sayhelloworld/build-naoqi_sdk/CMakeFiles/CMakeTmp/CMakeFiles 1
Building C object CMakeFiles/cmTryCompileExec2670317143.dir/CheckFunctionExists.c.o
/usr/bin/cc   -DCHECK_FUNCTION_EXISTS=pthread_create   -o CMakeFiles/cmTryCompileExec2670317143.dir/CheckFunctionExists.c.o   -c /usr/share/cmake-2.8/Modules/CheckFunctionExists.c
Linking C executable cmTryCompileExec2670317143
/usr/bin/cmake -E cmake_link_script CMakeFiles/cmTryCompileExec2670317143.dir/link.txt --verbose=1
/usr/bin/cc   -DCHECK_FUNCTION_EXISTS=pthread_create    CMakeFiles/cmTryCompileExec2670317143.dir/CheckFunctionExists.c.o  -o cmTryCompileExec2670317143 -rdynamic -lpthreads 
/usr/bin/ld: cannot find -lpthreads
collect2: error: ld returned 1 exit status
make[1]: *** [cmTryCompileExec2670317143] Error 1
make[1]: Leaving directory `/home/byrdie/zach/CSCI_442_penalty_kick/sayhelloworld/build-naoqi_sdk/CMakeFiles/CMakeTmp'
make: *** [cmTryCompileExec2670317143/fast] Error 2


